Handling lib "shadow"...
Handling lib "http-server"...
Handling lib "wifi-setup-web"...
Handling lib "adc"...
Handling lib "i2c"...
Handling lib "aws"...
Handling lib "bme280"...
Handling lib "wifi"...
Handling lib "core"...
aws: Checking out master...
bme280: Checking out master...
http-server: Checking out master...
adc: Checking out master...
i2c: Checking out master...
shadow: Checking out master...
wifi-setup-web: Checking out master...
wifi: Checking out master...
core: Checking out master...
wifi-setup-web: Done, hash db86031ba36391d447c1925464f1bb908923c6b0
i2c: Done, hash a020b0e8be3a2d89e5392e57874d9e650369b4c7
adc: Done, hash 66859b0ba3aa7c8184abb2b96433128e06b864bd
wifi: Done, hash 71010b04d5efd2ee18b06f51a78d93c37679e8e7
bme280: Done, hash 95c462d24739863248b681b9f4718d1bcfc6535d
bme280: Hash unchanged at 95c462d24739863248b681b9f4718d1bcfc6535d (dir "/data/fwbuild-volumes/latest/apps/app/esp32/build_contexts/build_ctx_097374481/deps/bme280")
bme280: Prepared local dir: "/data/fwbuild-volumes/latest/apps/app/esp32/build_contexts/build_ctx_097374481/deps/bme280"
adc: Hash unchanged at 66859b0ba3aa7c8184abb2b96433128e06b864bd (dir "/data/fwbuild-volumes/latest/apps/app/esp32/build_contexts/build_ctx_097374481/deps/adc")
adc: Prepared local dir: "/data/fwbuild-volumes/latest/apps/app/esp32/build_contexts/build_ctx_097374481/deps/adc"
wifi: Hash unchanged at 71010b04d5efd2ee18b06f51a78d93c37679e8e7 (dir "/data/fwbuild-volumes/latest/apps/app/esp32/build_contexts/build_ctx_097374481/deps/wifi")
wifi: Prepared local dir: "/data/fwbuild-volumes/latest/apps/app/esp32/build_contexts/build_ctx_097374481/deps/wifi"
i2c: Hash unchanged at a020b0e8be3a2d89e5392e57874d9e650369b4c7 (dir "/data/fwbuild-volumes/latest/apps/app/esp32/build_contexts/build_ctx_097374481/deps/i2c")
i2c: Prepared local dir: "/data/fwbuild-volumes/latest/apps/app/esp32/build_contexts/build_ctx_097374481/deps/i2c"
shadow: Done, hash 3c21f7bfd2f5e2cbaa8e3f4621ff3f964e669b64
wifi-setup-web: Hash unchanged at db86031ba36391d447c1925464f1bb908923c6b0 (dir "/data/fwbuild-volumes/latest/apps/app/esp32/build_contexts/build_ctx_097374481/deps/wifi-setup-web")
wifi-setup-web: Prepared local dir: "/data/fwbuild-volumes/latest/apps/app/esp32/build_contexts/build_ctx_097374481/deps/wifi-setup-web"
core: Done, hash 74a909e5078c911dc6f0d665ddbdac2540b5ce6b
shadow: Hash unchanged at 3c21f7bfd2f5e2cbaa8e3f4621ff3f964e669b64 (dir "/data/fwbuild-volumes/latest/apps/app/esp32/build_contexts/build_ctx_097374481/deps/shadow")
shadow: Prepared local dir: "/data/fwbuild-volumes/latest/apps/app/esp32/build_contexts/build_ctx_097374481/deps/shadow"
core: Hash unchanged at 74a909e5078c911dc6f0d665ddbdac2540b5ce6b (dir "/data/fwbuild-volumes/latest/apps/app/esp32/build_contexts/build_ctx_097374481/deps/core")
core: Prepared local dir: "/data/fwbuild-volumes/latest/apps/app/esp32/build_contexts/build_ctx_097374481/deps/core"
http-server: Done, hash 3854855a6342a1faed05a9c3511b93d3dc8d5389
aws: Done, hash f30c05f56fb1b53f2c3d41fe1d0c1d05472bdd8c
http-server: Hash unchanged at 3854855a6342a1faed05a9c3511b93d3dc8d5389 (dir "/data/fwbuild-volumes/latest/apps/app/esp32/build_contexts/build_ctx_097374481/deps/http-server")
http-server: Prepared local dir: "/data/fwbuild-volumes/latest/apps/app/esp32/build_contexts/build_ctx_097374481/deps/http-server"
aws: Hash unchanged at f30c05f56fb1b53f2c3d41fe1d0c1d05472bdd8c (dir "/data/fwbuild-volumes/latest/apps/app/esp32/build_contexts/build_ctx_097374481/deps/aws")
aws: Prepared local dir: "/data/fwbuild-volumes/latest/apps/app/esp32/build_contexts/build_ctx_097374481/deps/aws"
Handling lib "spi"...
spi: Checking out master...
spi: Done, hash 695570ae539cf829893b463758ab7e0b862a8865
spi: Hash unchanged at 695570ae539cf829893b463758ab7e0b862a8865 (dir "/data/fwbuild-volumes/latest/apps/app/esp32/build_contexts/build_ctx_097374481/deps/spi")
spi: Prepared local dir: "/data/fwbuild-volumes/latest/apps/app/esp32/build_contexts/build_ctx_097374481/deps/spi"
Handling lib "zz_boards"...
Handling lib "rpc-service-fs"...
Handling lib "ca-bundle"...
Handling lib "rpc-service-config"...
Handling lib "wifi-setup-web-ui"...
Handling lib "rpc-uart"...
zz_boards: Checking out master...
ca-bundle: Checking out master...
rpc-service-fs: Checking out master...
rpc-uart: Checking out master...
wifi-setup-web-ui: Checking out master...
rpc-service-config: Checking out master...
ca-bundle: Done, hash d5a470b260e3485660ffed6b5b1c7c961bd2b88c
zz_boards: Done, hash 897a76f9b7306751dea4596f38df4486548ae2da
ca-bundle: Hash unchanged at d5a470b260e3485660ffed6b5b1c7c961bd2b88c (dir "/data/fwbuild-volumes/latest/apps/app/esp32/build_contexts/build_ctx_097374481/deps/ca-bundle")
ca-bundle: Prepared local dir: "/data/fwbuild-volumes/latest/apps/app/esp32/build_contexts/build_ctx_097374481/deps/ca-bundle"
zz_boards: Hash unchanged at 897a76f9b7306751dea4596f38df4486548ae2da (dir "/data/fwbuild-volumes/latest/apps/app/esp32/build_contexts/build_ctx_097374481/deps/boards")
zz_boards: Prepared local dir: "/data/fwbuild-volumes/latest/apps/app/esp32/build_contexts/build_ctx_097374481/deps/boards"
wifi-setup-web-ui: Done, hash 959c130d239b784d883c6e9326dfe15ba58de7f6
rpc-service-fs: Done, hash 5f252c2fa5ba989c09f734a4c407bcfef3699e38
rpc-uart: Done, hash 4c68e5d7b3eecb19ccc6128f111a118384ed20b4
rpc-service-config: Done, hash b30e187977d8dafcb4297cff60e036855a7ff531
wifi-setup-web-ui: Hash unchanged at 959c130d239b784d883c6e9326dfe15ba58de7f6 (dir "/data/fwbuild-volumes/latest/apps/app/esp32/build_contexts/build_ctx_097374481/deps/wifi-setup-web-ui")
wifi-setup-web-ui: Prepared local dir: "/data/fwbuild-volumes/latest/apps/app/esp32/build_contexts/build_ctx_097374481/deps/wifi-setup-web-ui"
rpc-uart: Hash unchanged at 4c68e5d7b3eecb19ccc6128f111a118384ed20b4 (dir "/data/fwbuild-volumes/latest/apps/app/esp32/build_contexts/build_ctx_097374481/deps/rpc-uart")
rpc-service-fs: Hash unchanged at 5f252c2fa5ba989c09f734a4c407bcfef3699e38 (dir "/data/fwbuild-volumes/latest/apps/app/esp32/build_contexts/build_ctx_097374481/deps/rpc-service-fs")
rpc-service-fs: Prepared local dir: "/data/fwbuild-volumes/latest/apps/app/esp32/build_contexts/build_ctx_097374481/deps/rpc-service-fs"
rpc-uart: Prepared local dir: "/data/fwbuild-volumes/latest/apps/app/esp32/build_contexts/build_ctx_097374481/deps/rpc-uart"
rpc-service-config: Hash unchanged at b30e187977d8dafcb4297cff60e036855a7ff531 (dir "/data/fwbuild-volumes/latest/apps/app/esp32/build_contexts/build_ctx_097374481/deps/rpc-service-config")
rpc-service-config: Prepared local dir: "/data/fwbuild-volumes/latest/apps/app/esp32/build_contexts/build_ctx_097374481/deps/rpc-service-config"
Handling lib "mongoose"...
mongoose: Checking out master...
mongoose: Done, hash 5d2c8fd28e20d7041a1540c3022b721fdde97de4
mongoose: Hash unchanged at 5d2c8fd28e20d7041a1540c3022b721fdde97de4 (dir "/data/fwbuild-volumes/latest/apps/app/esp32/build_contexts/build_ctx_097374481/deps/mongoose")
mongoose: Prepared local dir: "/data/fwbuild-volumes/latest/apps/app/esp32/build_contexts/build_ctx_097374481/deps/mongoose"
Handling lib "mqtt"...
mqtt: Checking out master...
mqtt: Done, hash 4ba6a2b8a67b51838545f7a5b60b059c31f4bfb3
mqtt: Hash unchanged at 4ba6a2b8a67b51838545f7a5b60b059c31f4bfb3 (dir "/data/fwbuild-volumes/latest/apps/app/esp32/build_contexts/build_ctx_097374481/deps/mqtt")
mqtt: Prepared local dir: "/data/fwbuild-volumes/latest/apps/app/esp32/build_contexts/build_ctx_097374481/deps/mqtt"
Handling lib "rpc-common"...
rpc-common: Checking out master...
rpc-common: Done, hash 29c26d41a60bc851964ca25291b9e2cd4c6421c4
rpc-common: Hash unchanged at 29c26d41a60bc851964ca25291b9e2cd4c6421c4 (dir "/data/fwbuild-volumes/latest/apps/app/esp32/build_contexts/build_ctx_097374481/deps/rpc-common")
rpc-common: Prepared local dir: "/data/fwbuild-volumes/latest/apps/app/esp32/build_contexts/build_ctx_097374481/deps/rpc-common"
Handling lib "mbedtls"...
Handling lib "vfs-common"...
vfs-common: Checking out master...
mbedtls: Checking out master...
vfs-common: Done, hash 182f382004f7866c78cf31b2554aca8bad3ad593
vfs-common: Hash unchanged at 182f382004f7866c78cf31b2554aca8bad3ad593 (dir "/data/fwbuild-volumes/latest/apps/app/esp32/build_contexts/build_ctx_097374481/deps/vfs-common")
vfs-common: Prepared local dir: "/data/fwbuild-volumes/latest/apps/app/esp32/build_contexts/build_ctx_097374481/deps/vfs-common"
mbedtls: Done, hash 5d78182b6e0d0c799101940e4db790fd34e9175f
mbedtls: Hash unchanged at 5d78182b6e0d0c799101940e4db790fd34e9175f (dir "/data/fwbuild-volumes/latest/apps/app/esp32/build_contexts/build_ctx_097374481/deps/mbedtls")
mbedtls: Prepared local dir: "/data/fwbuild-volumes/latest/apps/app/esp32/build_contexts/build_ctx_097374481/deps/mbedtls"
Handling lib "atca"...
atca: Checking out master...
atca: Done, hash f27a1b85d87e373f8c10aadd7227af020d997aef
atca: Hash unchanged at f27a1b85d87e373f8c10aadd7227af020d997aef (dir "/data/fwbuild-volumes/latest/apps/app/esp32/build_contexts/build_ctx_097374481/deps/atca")
atca: Prepared local dir: "/data/fwbuild-volumes/latest/apps/app/esp32/build_contexts/build_ctx_097374481/deps/atca"
Handling lib "freertos"...
Handling lib "vfs-fs-lfs"...
Handling lib "vfs-fs-spiffs"...
vfs-fs-lfs: Checking out master...
freertos: Checking out master...
vfs-fs-spiffs: Checking out master...
vfs-fs-lfs: Done, hash d4659010ad2e635e85b128dfe59d3d341e3b6aa2
vfs-fs-lfs: Hash unchanged at d4659010ad2e635e85b128dfe59d3d341e3b6aa2 (dir "/data/fwbuild-volumes/latest/apps/app/esp32/build_contexts/build_ctx_097374481/deps/vfs-fs-lfs")
vfs-fs-lfs: Prepared local dir: "/data/fwbuild-volumes/latest/apps/app/esp32/build_contexts/build_ctx_097374481/deps/vfs-fs-lfs"
vfs-fs-spiffs: Done, hash 6fef5f74fc5f8e07b6324759066c0e9d06653693
freertos: Done, hash b8ed791ec9e61a5784f3ae78829b2ef2d1aca638
vfs-fs-spiffs: Hash unchanged at 6fef5f74fc5f8e07b6324759066c0e9d06653693 (dir "/data/fwbuild-volumes/latest/apps/app/esp32/build_contexts/build_ctx_097374481/deps/vfs-fs-spiffs")
vfs-fs-spiffs: Prepared local dir: "/data/fwbuild-volumes/latest/apps/app/esp32/build_contexts/build_ctx_097374481/deps/vfs-fs-spiffs"
freertos: Hash unchanged at b8ed791ec9e61a5784f3ae78829b2ef2d1aca638 (dir "/data/fwbuild-volumes/latest/apps/app/esp32/build_contexts/build_ctx_097374481/deps/freertos")
freertos: Prepared local dir: "/data/fwbuild-volumes/latest/apps/app/esp32/build_contexts/build_ctx_097374481/deps/freertos"
The flag --repo is not given, going to use mongoose-os repository
mongoose-os: Checking out master...
mongoose-os: Done, hash 986d287f0fc0702d2cca1d345ea321b1e555bcef
Prebuilt binary for "mbedtls" already exists at "/data/fwbuild-volumes/latest/apps/app/esp32/build_contexts/build_ctx_097374481/build/objs/libmbedtls-esp32-latest.a"
Prebuilt binary for "mongoose" already exists at "/data/fwbuild-volumes/latest/apps/app/esp32/build_contexts/build_ctx_097374481/build/objs/libmongoose-esp32-latest.a"
Sources: [/data/fwbuild-volumes/latest/apps/app/esp32/build_contexts/build_ctx_097374481/src/main.cpp /data/fwbuild-volumes/latest/apps/app/esp32/build_contexts/build_ctx_097374481/build/gen/mgos_deps_init.c /data/fwbuild-volumes/latest/apps/app/esp32/build_contexts/build_ctx_097374481/deps/adc/esp32/src/esp32_adc.c /data/fwbuild-volumes/latest/apps/app/esp32/build_contexts/build_ctx_097374481/deps/freertos/src/mgos_freertos.c /data/fwbuild-volumes/latest/apps/app/esp32/build_contexts/build_ctx_097374481/deps/freertos/src/mgos_freertos_core_dump.c /data/fwbuild-volumes/latest/apps/app/esp32/build_contexts/build_ctx_097374481/deps/i2c/src/mgos_i2c_master.c /data/fwbuild-volumes/latest/apps/app/esp32/build_contexts/build_ctx_097374481/deps/i2c/src/esp32/esp32_i2c_master.c /data/fwbuild-volumes/latest/apps/app/esp32/build_contexts/build_ctx_097374481/deps/atca/src/mgos_atca.c /data/fwbuild-volumes/latest/apps/app/esp32/build_contexts/build_ctx_097374481/deps/atca/cryptoauthlib/lib/atca_cfgs.c /data/fwbuild-volumes/latest/apps/app/esp32/build_contexts/build_ctx_097374481/deps/atca/cryptoauthlib/lib/atca_command.c /data/fwbuild-volumes/latest/apps/app/esp32/build_contexts/build_ctx_097374481/deps/atca/cryptoauthlib/lib/atca_device.c /data/fwbuild-volumes/latest/apps/app/esp32/build_contexts/build_ctx_097374481/deps/atca/cryptoauthlib/lib/atca_iface.c /data/fwbuild-volumes/latest/apps/app/esp32/build_contexts/build_ctx_097374481/deps/atca/cryptoauthlib/lib/basic/atca_basic.c /data/fwbuild-volumes/latest/apps/app/esp32/build_contexts/build_ctx_097374481/deps/atca/cryptoauthlib/lib/basic/atca_helpers.c /data/fwbuild-volumes/latest/apps/app/esp32/build_contexts/build_ctx_097374481/deps/atca/cryptoauthlib/lib/host/atca_host.c /data/fwbuild-volumes/latest/apps/app/esp32/build_contexts/build_ctx_097374481/deps/vfs-common/src/mgos_vfs.c /data/fwbuild-volumes/latest/apps/app/esp32/build_contexts/build_ctx_097374481/deps/vfs-common/src/mgos_vfs_dev.c /data/fwbuild-volumes/latest/apps/app/esp32/build_contexts/build_ctx_097374481/deps/vfs-common/src/mgos_vfs_internal.c /data/fwbuild-volumes/latest/apps/app/esp32/build_contexts/build_ctx_097374481/deps/vfs-common/src/esp32/esp32_fs.c /data/fwbuild-volumes/latest/apps/app/esp32/build_contexts/build_ctx_097374481/deps/vfs-common/src/esp32/esp32_fs_crypt.c /data/fwbuild-volumes/latest/apps/app/esp32/build_contexts/build_ctx_097374481/deps/vfs-common/src/esp32/esp32_vfs_dev_partition.c /data/fwbuild-volumes/latest/apps/app/esp32/build_contexts/build_ctx_097374481/deps/vfs-fs-lfs/src/mgos_vfs_lfs.c /data/fwbuild-volumes/latest/apps/app/esp32/build_contexts/build_ctx_097374481/deps/vfs-fs-lfs/src/littlefs/lfs.c /data/fwbuild-volumes/latest/apps/app/esp32/build_contexts/build_ctx_097374481/deps/vfs-fs-lfs/src/littlefs/lfs_util.c /data/fwbuild-volumes/latest/apps/app/esp32/build_contexts/build_ctx_097374481/deps/vfs-fs-spiffs/src/mgos_vfs_fs_spiffs.c /data/fwbuild-volumes/latest/apps/app/esp32/build_contexts/build_ctx_097374481/deps/vfs-fs-spiffs/src/spiffs/spiffs_cache.c /data/fwbuild-volumes/latest/apps/app/esp32/build_contexts/build_ctx_097374481/deps/vfs-fs-spiffs/src/spiffs/spiffs_check.c /data/fwbuild-volumes/latest/apps/app/esp32/build_contexts/build_ctx_097374481/deps/vfs-fs-spiffs/src/spiffs/spiffs_gc.c /data/fwbuild-volumes/latest/apps/app/esp32/build_contexts/build_ctx_097374481/deps/vfs-fs-spiffs/src/spiffs/spiffs_hydrogen.c /data/fwbuild-volumes/latest/apps/app/esp32/build_contexts/build_ctx_097374481/deps/vfs-fs-spiffs/src/spiffs/spiffs_nucleus.c /data/fwbuild-volumes/latest/apps/app/esp32/build_contexts/build_ctx_097374481/deps/core/src/mgos_core.c /data/fwbuild-volumes/latest/apps/app/esp32/build_contexts/build_ctx_097374481/deps/mqtt/src/mgos_mqtt.c /data/fwbuild-volumes/latest/apps/app/esp32/build_contexts/build_ctx_097374481/deps/shadow/src/mgos_shadow.c /data/fwbuild-volumes/latest/apps/app/esp32/build_contexts/build_ctx_097374481/deps/aws/src/mgos_aws.c /data/fwbuild-volumes/latest/apps/app/esp32/build_contexts/build_ctx_097374481/deps/aws/src/mgos_aws_greengrass.c /data/fwbuild-volumes/latest/apps/app/esp32/build_contexts/build_ctx_097374481/deps/aws/src/mgos_aws_shadow.c /data/fwbuild-volumes/latest/apps/app/esp32/build_contexts/build_ctx_097374481/deps/spi/src/mgos_spi.c /data/fwbuild-volumes/latest/apps/app/esp32/build_contexts/build_ctx_097374481/deps/spi/src/mgos_spi_mjs.c /data/fwbuild-volumes/latest/apps/app/esp32/build_contexts/build_ctx_097374481/deps/spi/src/esp32/esp32_spi_master.c /data/fwbuild-volumes/latest/apps/app/esp32/build_contexts/build_ctx_097374481/deps/bme280/src/mgos_bme280.c /data/fwbuild-volumes/latest/apps/app/esp32/build_contexts/build_ctx_097374481/deps/bme280/src/mgos_bme280_c.c /data/fwbuild-volumes/latest/apps/app/esp32/build_contexts/build_ctx_097374481/deps/bme280/src/BME280_driver/bme280.c /data/fwbuild-volumes/latest/apps/app/esp32/build_contexts/build_ctx_097374481/deps/http-server/src/mgos_http_server.c /data/fwbuild-volumes/latest/apps/app/esp32/build_contexts/build_ctx_097374481/deps/wifi/src/mgos_wifi.c /data/fwbuild-volumes/latest/apps/app/esp32/build_contexts/build_ctx_097374481/deps/wifi/src/mjs_wifi.c /data/fwbuild-volumes/latest/apps/app/esp32/build_contexts/build_ctx_097374481/deps/wifi/src/esp32/esp32_wifi.c /data/fwbuild-volumes/latest/apps/app/esp32/build_contexts/build_ctx_097374481/deps/rpc-common/src/mg_rpc.c /data/fwbuild-volumes/latest/apps/app/esp32/build_contexts/build_ctx_097374481/deps/rpc-common/src/mg_rpc_channel.c /data/fwbuild-volumes/latest/apps/app/esp32/build_contexts/build_ctx_097374481/deps/rpc-common/src/mg_rpc_channel_http.c /data/fwbuild-volumes/latest/apps/app/esp32/build_contexts/build_ctx_097374481/deps/rpc-common/src/mgos_rpc.c /data/fwbuild-volumes/latest/apps/app/esp32/build_contexts/build_ctx_097374481/deps/rpc-service-config/src/mgos_service_config.c /data/fwbuild-volumes/latest/apps/app/esp32/build_contexts/build_ctx_097374481/deps/rpc-service-fs/src/mgos_service_filesystem.c /data/fwbuild-volumes/latest/apps/app/esp32/build_contexts/build_ctx_097374481/deps/rpc-uart/src/mgos_rpc_channel_uart.c]
Include dirs: [/data/fwbuild-volumes/latest/apps/app/esp32/build_contexts/build_ctx_097374481/deps/adc/include /data/fwbuild-volumes/latest/apps/app/esp32/build_contexts/build_ctx_097374481/deps/freertos/include /data/fwbuild-volumes/latest/apps/app/esp32/build_contexts/build_ctx_097374481/deps/freertos/include/esp32 /data/fwbuild-volumes/latest/apps/app/esp32/build_contexts/build_ctx_097374481/deps/i2c/include /data/fwbuild-volumes/latest/apps/app/esp32/build_contexts/build_ctx_097374481/deps/atca/include /data/fwbuild-volumes/latest/apps/app/esp32/build_contexts/build_ctx_097374481/deps/atca/cryptoauthlib/lib /data/fwbuild-volumes/latest/apps/app/esp32/build_contexts/build_ctx_097374481/deps/mbedtls/include /data/fwbuild-volumes/latest/apps/app/esp32/build_contexts/build_ctx_097374481/deps/mbedtls/include/esp32 /data/fwbuild-volumes/latest/apps/app/esp32/build_contexts/build_ctx_097374481/deps/mbedtls/mbedtls/include /data/fwbuild-volumes/latest/apps/app/esp32/build_contexts/build_ctx_097374481/deps/vfs-common/include /data/fwbuild-volumes/latest/apps/app/esp32/build_contexts/build_ctx_097374481/deps/vfs-common/include/esp32 /data/fwbuild-volumes/latest/apps/app/esp32/build_contexts/build_ctx_097374481/deps/mongoose/include /data/fwbuild-volumes/latest/apps/app/esp32/build_contexts/build_ctx_097374481/deps/vfs-fs-lfs/include /data/fwbuild-volumes/latest/apps/app/esp32/build_contexts/build_ctx_097374481/deps/vfs-fs-spiffs/include /data/fwbuild-volumes/latest/apps/app/esp32/build_contexts/build_ctx_097374481/deps/vfs-fs-spiffs/include/spiffs /data/fwbuild-volumes/latest/apps/app/esp32/build_contexts/build_ctx_097374481/deps/vfs-fs-spiffs/include/esp32 /data/fwbuild-volumes/latest/apps/app/esp32/build_contexts/build_ctx_097374481/deps/core/include /data/fwbuild-volumes/latest/apps/app/esp32/build_contexts/build_ctx_097374481/deps/core/include/esp32 /data/fwbuild-volumes/latest/apps/app/esp32/build_contexts/build_ctx_097374481/deps/mqtt/include /data/fwbuild-volumes/latest/apps/app/esp32/build_contexts/build_ctx_097374481/deps/shadow/include /data/fwbuild-volumes/latest/apps/app/esp32/build_contexts/build_ctx_097374481/deps/aws/include /data/fwbuild-volumes/latest/apps/app/esp32/build_contexts/build_ctx_097374481/deps/spi/include /data/fwbuild-volumes/latest/apps/app/esp32/build_contexts/build_ctx_097374481/deps/bme280/include /data/fwbuild-volumes/latest/apps/app/esp32/build_contexts/build_ctx_097374481/deps/http-server/include /data/fwbuild-volumes/latest/apps/app/esp32/build_contexts/build_ctx_097374481/deps/wifi/include /data/fwbuild-volumes/latest/apps/app/esp32/build_contexts/build_ctx_097374481/deps/wifi/include/esp32 /data/fwbuild-volumes/latest/apps/app/esp32/build_contexts/build_ctx_097374481/deps/rpc-common/include /data/fwbuild-volumes/latest/apps/app/esp32/build_contexts/build_ctx_097374481/deps/rpc-service-config/include /data/fwbuild-volumes/latest/apps/app/esp32/build_contexts/build_ctx_097374481/deps/rpc-service-fs/include /data/fwbuild-volumes/latest/apps/app/esp32/build_contexts/build_ctx_097374481/deps/rpc-uart/include]
Binary libs: [/data/fwbuild-volumes/latest/apps/app/esp32/build_contexts/build_ctx_097374481/build/objs/libmbedtls-esp32-latest.a /data/fwbuild-volumes/latest/apps/app/esp32/build_contexts/build_ctx_097374481/build/objs/libmongoose-esp32-latest.a]
Building...
mount from "/data/fwbuild-volumes/latest/apps/app/esp32/build_contexts/build_ctx_097374481" to "/app"
mount from "/data/fwbuild-volumes/latest/apps/app/esp32/build_contexts/build_ctx_097374481/deps/modules/mongoose-os" to "/mongoose-os"
mount from "/data/fwbuild-volumes/latest/apps/app/esp32/build_contexts/build_ctx_097374481/deps/modules/mongoose-os" to "/data/fwbuild-volumes/latest/apps/app/esp32/build_contexts/build_ctx_097374481/deps/modules/mongoose-os"
mount from "/data/fwbuild-volumes/latest/apps/app/esp32/build_contexts/build_ctx_097374481/build" to "/data/fwbuild-volumes/latest/apps/app/esp32/build_contexts/build_ctx_097374481/build"
mount from "/data/fwbuild-volumes/latest/apps/app/esp32/build_contexts/build_ctx_097374481/src" to "/data/fwbuild-volumes/latest/apps/app/esp32/build_contexts/build_ctx_097374481/src"
mount from "/data/fwbuild-volumes/latest/apps/app/esp32/build_contexts/build_ctx_097374481/build/gen" to "/data/fwbuild-volumes/latest/apps/app/esp32/build_contexts/build_ctx_097374481/build/gen"
mount from "/data/fwbuild-volumes/latest/apps/app/esp32/build_contexts/build_ctx_097374481/deps/adc/esp32/src" to "/data/fwbuild-volumes/latest/apps/app/esp32/build_contexts/build_ctx_097374481/deps/adc/esp32/src"
mount from "/data/fwbuild-volumes/latest/apps/app/esp32/build_contexts/build_ctx_097374481/deps/freertos/src" to "/data/fwbuild-volumes/latest/apps/app/esp32/build_contexts/build_ctx_097374481/deps/freertos/src"
mount from "/data/fwbuild-volumes/latest/apps/app/esp32/build_contexts/build_ctx_097374481/deps/i2c/src" to "/data/fwbuild-volumes/latest/apps/app/esp32/build_contexts/build_ctx_097374481/deps/i2c/src"
mount from "/data/fwbuild-volumes/latest/apps/app/esp32/build_contexts/build_ctx_097374481/deps/i2c/src/esp32" to "/data/fwbuild-volumes/latest/apps/app/esp32/build_contexts/build_ctx_097374481/deps/i2c/src/esp32"
mount from "/data/fwbuild-volumes/latest/apps/app/esp32/build_contexts/build_ctx_097374481/deps/atca/src" to "/data/fwbuild-volumes/latest/apps/app/esp32/build_contexts/build_ctx_097374481/deps/atca/src"
mount from "/data/fwbuild-volumes/latest/apps/app/esp32/build_contexts/build_ctx_097374481/deps/atca/cryptoauthlib/lib" to "/data/fwbuild-volumes/latest/apps/app/esp32/build_contexts/build_ctx_097374481/deps/atca/cryptoauthlib/lib"
mount from "/data/fwbuild-volumes/latest/apps/app/esp32/build_contexts/build_ctx_097374481/deps/atca/cryptoauthlib/lib/basic" to "/data/fwbuild-volumes/latest/apps/app/esp32/build_contexts/build_ctx_097374481/deps/atca/cryptoauthlib/lib/basic"
mount from "/data/fwbuild-volumes/latest/apps/app/esp32/build_contexts/build_ctx_097374481/deps/atca/cryptoauthlib/lib/crypto" to "/data/fwbuild-volumes/latest/apps/app/esp32/build_contexts/build_ctx_097374481/deps/atca/cryptoauthlib/lib/crypto"
mount from "/data/fwbuild-volumes/latest/apps/app/esp32/build_contexts/build_ctx_097374481/deps/atca/cryptoauthlib/lib/hal" to "/data/fwbuild-volumes/latest/apps/app/esp32/build_contexts/build_ctx_097374481/deps/atca/cryptoauthlib/lib/hal"
mount from "/data/fwbuild-volumes/latest/apps/app/esp32/build_contexts/build_ctx_097374481/deps/atca/cryptoauthlib/lib/host" to "/data/fwbuild-volumes/latest/apps/app/esp32/build_contexts/build_ctx_097374481/deps/atca/cryptoauthlib/lib/host"
mount from "/data/fwbuild-volumes/latest/apps/app/esp32/build_contexts/build_ctx_097374481/deps/vfs-common/src" to "/data/fwbuild-volumes/latest/apps/app/esp32/build_contexts/build_ctx_097374481/deps/vfs-common/src"
mount from "/data/fwbuild-volumes/latest/apps/app/esp32/build_contexts/build_ctx_097374481/deps/vfs-common/src/esp32" to "/data/fwbuild-volumes/latest/apps/app/esp32/build_contexts/build_ctx_097374481/deps/vfs-common/src/esp32"
mount from "/data/fwbuild-volumes/latest/apps/app/esp32/build_contexts/build_ctx_097374481/deps/vfs-fs-lfs/src" to "/data/fwbuild-volumes/latest/apps/app/esp32/build_contexts/build_ctx_097374481/deps/vfs-fs-lfs/src"
mount from "/data/fwbuild-volumes/latest/apps/app/esp32/build_contexts/build_ctx_097374481/deps/vfs-fs-lfs/src/littlefs" to "/data/fwbuild-volumes/latest/apps/app/esp32/build_contexts/build_ctx_097374481/deps/vfs-fs-lfs/src/littlefs"
mount from "/data/fwbuild-volumes/latest/apps/app/esp32/build_contexts/build_ctx_097374481/deps/vfs-fs-spiffs/src" to "/data/fwbuild-volumes/latest/apps/app/esp32/build_contexts/build_ctx_097374481/deps/vfs-fs-spiffs/src"
mount from "/data/fwbuild-volumes/latest/apps/app/esp32/build_contexts/build_ctx_097374481/deps/vfs-fs-spiffs/src/spiffs" to "/data/fwbuild-volumes/latest/apps/app/esp32/build_contexts/build_ctx_097374481/deps/vfs-fs-spiffs/src/spiffs"
mount from "/data/fwbuild-volumes/latest/apps/app/esp32/build_contexts/build_ctx_097374481/deps/core/src" to "/data/fwbuild-volumes/latest/apps/app/esp32/build_contexts/build_ctx_097374481/deps/core/src"
mount from "/data/fwbuild-volumes/latest/apps/app/esp32/build_contexts/build_ctx_097374481/deps/mqtt/src" to "/data/fwbuild-volumes/latest/apps/app/esp32/build_contexts/build_ctx_097374481/deps/mqtt/src"
mount from "/data/fwbuild-volumes/latest/apps/app/esp32/build_contexts/build_ctx_097374481/deps/shadow/src" to "/data/fwbuild-volumes/latest/apps/app/esp32/build_contexts/build_ctx_097374481/deps/shadow/src"
mount from "/data/fwbuild-volumes/latest/apps/app/esp32/build_contexts/build_ctx_097374481/deps/aws/src" to "/data/fwbuild-volumes/latest/apps/app/esp32/build_contexts/build_ctx_097374481/deps/aws/src"
mount from "/data/fwbuild-volumes/latest/apps/app/esp32/build_contexts/build_ctx_097374481/deps/spi/src" to "/data/fwbuild-volumes/latest/apps/app/esp32/build_contexts/build_ctx_097374481/deps/spi/src"
mount from "/data/fwbuild-volumes/latest/apps/app/esp32/build_contexts/build_ctx_097374481/deps/spi/src/esp32" to "/data/fwbuild-volumes/latest/apps/app/esp32/build_contexts/build_ctx_097374481/deps/spi/src/esp32"
mount from "/data/fwbuild-volumes/latest/apps/app/esp32/build_contexts/build_ctx_097374481/deps/bme280/src" to "/data/fwbuild-volumes/latest/apps/app/esp32/build_contexts/build_ctx_097374481/deps/bme280/src"
mount from "/data/fwbuild-volumes/latest/apps/app/esp32/build_contexts/build_ctx_097374481/deps/bme280/src/BME280_driver" to "/data/fwbuild-volumes/latest/apps/app/esp32/build_contexts/build_ctx_097374481/deps/bme280/src/BME280_driver"
mount from "/data/fwbuild-volumes/latest/apps/app/esp32/build_contexts/build_ctx_097374481/deps/http-server/src" to "/data/fwbuild-volumes/latest/apps/app/esp32/build_contexts/build_ctx_097374481/deps/http-server/src"
mount from "/data/fwbuild-volumes/latest/apps/app/esp32/build_contexts/build_ctx_097374481/deps/wifi/src" to "/data/fwbuild-volumes/latest/apps/app/esp32/build_contexts/build_ctx_097374481/deps/wifi/src"
mount from "/data/fwbuild-volumes/latest/apps/app/esp32/build_contexts/build_ctx_097374481/deps/wifi/src/esp32" to "/data/fwbuild-volumes/latest/apps/app/esp32/build_contexts/build_ctx_097374481/deps/wifi/src/esp32"
mount from "/data/fwbuild-volumes/latest/apps/app/esp32/build_contexts/build_ctx_097374481/deps/rpc-common/src" to "/data/fwbuild-volumes/latest/apps/app/esp32/build_contexts/build_ctx_097374481/deps/rpc-common/src"
mount from "/data/fwbuild-volumes/latest/apps/app/esp32/build_contexts/build_ctx_097374481/deps/rpc-service-config/src" to "/data/fwbuild-volumes/latest/apps/app/esp32/build_contexts/build_ctx_097374481/deps/rpc-service-config/src"
mount from "/data/fwbuild-volumes/latest/apps/app/esp32/build_contexts/build_ctx_097374481/deps/rpc-service-fs/src" to "/data/fwbuild-volumes/latest/apps/app/esp32/build_contexts/build_ctx_097374481/deps/rpc-service-fs/src"
mount from "/data/fwbuild-volumes/latest/apps/app/esp32/build_contexts/build_ctx_097374481/deps/rpc-uart/src" to "/data/fwbuild-volumes/latest/apps/app/esp32/build_contexts/build_ctx_097374481/deps/rpc-uart/src"
mount from "/data/fwbuild-volumes/latest/apps/app/esp32/build_contexts/build_ctx_097374481/deps/adc/include" to "/data/fwbuild-volumes/latest/apps/app/esp32/build_contexts/build_ctx_097374481/deps/adc/include"
mount from "/data/fwbuild-volumes/latest/apps/app/esp32/build_contexts/build_ctx_097374481/deps/freertos/include" to "/data/fwbuild-volumes/latest/apps/app/esp32/build_contexts/build_ctx_097374481/deps/freertos/include"
mount from "/data/fwbuild-volumes/latest/apps/app/esp32/build_contexts/build_ctx_097374481/deps/i2c/include" to "/data/fwbuild-volumes/latest/apps/app/esp32/build_contexts/build_ctx_097374481/deps/i2c/include"
mount from "/data/fwbuild-volumes/latest/apps/app/esp32/build_contexts/build_ctx_097374481/deps/atca/include" to "/data/fwbuild-volumes/latest/apps/app/esp32/build_contexts/build_ctx_097374481/deps/atca/include"
mount from "/data/fwbuild-volumes/latest/apps/app/esp32/build_contexts/build_ctx_097374481/deps/atca/cryptoauthlib/lib" to "/data/fwbuild-volumes/latest/apps/app/esp32/build_contexts/build_ctx_097374481/deps/atca/cryptoauthlib/lib"
mount from "/data/fwbuild-volumes/latest/apps/app/esp32/build_contexts/build_ctx_097374481/deps/mbedtls/include" to "/data/fwbuild-volumes/latest/apps/app/esp32/build_contexts/build_ctx_097374481/deps/mbedtls/include"
mount from "/data/fwbuild-volumes/latest/apps/app/esp32/build_contexts/build_ctx_097374481/deps/mbedtls/include/esp32" to "/data/fwbuild-volumes/latest/apps/app/esp32/build_contexts/build_ctx_097374481/deps/mbedtls/include/esp32"
mount from "/data/fwbuild-volumes/latest/apps/app/esp32/build_contexts/build_ctx_097374481/deps/mbedtls/mbedtls/include" to "/data/fwbuild-volumes/latest/apps/app/esp32/build_contexts/build_ctx_097374481/deps/mbedtls/mbedtls/include"
mount from "/data/fwbuild-volumes/latest/apps/app/esp32/build_contexts/build_ctx_097374481/deps/vfs-common/include" to "/data/fwbuild-volumes/latest/apps/app/esp32/build_contexts/build_ctx_097374481/deps/vfs-common/include"
mount from "/data/fwbuild-volumes/latest/apps/app/esp32/build_contexts/build_ctx_097374481/deps/vfs-common/include/esp32" to "/data/fwbuild-volumes/latest/apps/app/esp32/build_contexts/build_ctx_097374481/deps/vfs-common/include/esp32"
mount from "/data/fwbuild-volumes/latest/apps/app/esp32/build_contexts/build_ctx_097374481/deps/mongoose/include" to "/data/fwbuild-volumes/latest/apps/app/esp32/build_contexts/build_ctx_097374481/deps/mongoose/include"
mount from "/data/fwbuild-volumes/latest/apps/app/esp32/build_contexts/build_ctx_097374481/deps/vfs-fs-lfs/include" to "/data/fwbuild-volumes/latest/apps/app/esp32/build_contexts/build_ctx_097374481/deps/vfs-fs-lfs/include"
mount from "/data/fwbuild-volumes/latest/apps/app/esp32/build_contexts/build_ctx_097374481/deps/vfs-fs-spiffs/include" to "/data/fwbuild-volumes/latest/apps/app/esp32/build_contexts/build_ctx_097374481/deps/vfs-fs-spiffs/include"
mount from "/data/fwbuild-volumes/latest/apps/app/esp32/build_contexts/build_ctx_097374481/deps/vfs-fs-spiffs/include/spiffs" to "/data/fwbuild-volumes/latest/apps/app/esp32/build_contexts/build_ctx_097374481/deps/vfs-fs-spiffs/include/spiffs"
mount from "/data/fwbuild-volumes/latest/apps/app/esp32/build_contexts/build_ctx_097374481/deps/vfs-fs-spiffs/include/esp32" to "/data/fwbuild-volumes/latest/apps/app/esp32/build_contexts/build_ctx_097374481/deps/vfs-fs-spiffs/include/esp32"
mount from "/data/fwbuild-volumes/latest/apps/app/esp32/build_contexts/build_ctx_097374481/deps/core/include" to "/data/fwbuild-volumes/latest/apps/app/esp32/build_contexts/build_ctx_097374481/deps/core/include"
mount from "/data/fwbuild-volumes/latest/apps/app/esp32/build_contexts/build_ctx_097374481/deps/mqtt/include" to "/data/fwbuild-volumes/latest/apps/app/esp32/build_contexts/build_ctx_097374481/deps/mqtt/include"
mount from "/data/fwbuild-volumes/latest/apps/app/esp32/build_contexts/build_ctx_097374481/deps/shadow/include" to "/data/fwbuild-volumes/latest/apps/app/esp32/build_contexts/build_ctx_097374481/deps/shadow/include"
mount from "/data/fwbuild-volumes/latest/apps/app/esp32/build_contexts/build_ctx_097374481/deps/aws/include" to "/data/fwbuild-volumes/latest/apps/app/esp32/build_contexts/build_ctx_097374481/deps/aws/include"
mount from "/data/fwbuild-volumes/latest/apps/app/esp32/build_contexts/build_ctx_097374481/deps/spi/include" to "/data/fwbuild-volumes/latest/apps/app/esp32/build_contexts/build_ctx_097374481/deps/spi/include"
mount from "/data/fwbuild-volumes/latest/apps/app/esp32/build_contexts/build_ctx_097374481/deps/bme280/include" to "/data/fwbuild-volumes/latest/apps/app/esp32/build_contexts/build_ctx_097374481/deps/bme280/include"
mount from "/data/fwbuild-volumes/latest/apps/app/esp32/build_contexts/build_ctx_097374481/deps/http-server/include" to "/data/fwbuild-volumes/latest/apps/app/esp32/build_contexts/build_ctx_097374481/deps/http-server/include"
mount from "/data/fwbuild-volumes/latest/apps/app/esp32/build_contexts/build_ctx_097374481/deps/wifi/include" to "/data/fwbuild-volumes/latest/apps/app/esp32/build_contexts/build_ctx_097374481/deps/wifi/include"
mount from "/data/fwbuild-volumes/latest/apps/app/esp32/build_contexts/build_ctx_097374481/deps/wifi/include/esp32" to "/data/fwbuild-volumes/latest/apps/app/esp32/build_contexts/build_ctx_097374481/deps/wifi/include/esp32"
mount from "/data/fwbuild-volumes/latest/apps/app/esp32/build_contexts/build_ctx_097374481/deps/rpc-common/include" to "/data/fwbuild-volumes/latest/apps/app/esp32/build_contexts/build_ctx_097374481/deps/rpc-common/include"
mount from "/data/fwbuild-volumes/latest/apps/app/esp32/build_contexts/build_ctx_097374481/deps/rpc-service-config/include" to "/data/fwbuild-volumes/latest/apps/app/esp32/build_contexts/build_ctx_097374481/deps/rpc-service-config/include"
mount from "/data/fwbuild-volumes/latest/apps/app/esp32/build_contexts/build_ctx_097374481/deps/rpc-service-fs/include" to "/data/fwbuild-volumes/latest/apps/app/esp32/build_contexts/build_ctx_097374481/deps/rpc-service-fs/include"
mount from "/data/fwbuild-volumes/latest/apps/app/esp32/build_contexts/build_ctx_097374481/deps/rpc-uart/include" to "/data/fwbuild-volumes/latest/apps/app/esp32/build_contexts/build_ctx_097374481/deps/rpc-uart/include"
mount from "/data/fwbuild-volumes/latest/apps/app/esp32/build_contexts/build_ctx_097374481/deps/ca-bundle/fs" to "/data/fwbuild-volumes/latest/apps/app/esp32/build_contexts/build_ctx_097374481/deps/ca-bundle/fs"
mount from "/data/fwbuild-volumes/latest/apps/app/esp32/build_contexts/build_ctx_097374481/deps/wifi-setup-web-ui/fs" to "/data/fwbuild-volumes/latest/apps/app/esp32/build_contexts/build_ctx_097374481/deps/wifi-setup-web-ui/fs"
mount from "/data/fwbuild-volumes/latest/apps/app/esp32/build_contexts/build_ctx_097374481/fs" to "/data/fwbuild-volumes/latest/apps/app/esp32/build_contexts/build_ctx_097374481/fs"
mount from "/data/fwbuild-volumes/latest/apps/app/esp32/build_contexts/build_ctx_097374481/build/objs" to "/data/fwbuild-volumes/latest/apps/app/esp32/build_contexts/build_ctx_097374481/build/objs"
mount from "/data/fwbuild-volumes/latest/apps/app/esp32/build_contexts/build_ctx_097374481/build/objs" to "/data/fwbuild-volumes/latest/apps/app/esp32/build_contexts/build_ctx_097374481/build/objs"
mount from "/data/fwbuild-volumes/latest/apps/app/esp32/build_contexts/build_ctx_097374481/build/gen" to "/data/fwbuild-volumes/latest/apps/app/esp32/build_contexts/build_ctx_097374481/build/gen"
Docker arguments: run --name mos_build_2019-05-13T04-57-05-00_4247021025765149075 --rm -i -v /data/fwbuild-volumes/latest/apps/app/esp32/build_contexts/build_ctx_097374481/deps/vfs-common/include/esp32:/data/fwbuild-volumes/latest/apps/app/esp32/build_contexts/build_ctx_097374481/deps/vfs-common/include/esp32 -v /data/fwbuild-volumes/latest/apps/app/esp32/build_contexts/build_ctx_097374481/deps/rpc-common/include:/data/fwbuild-volumes/latest/apps/app/esp32/build_contexts/build_ctx_097374481/deps/rpc-common/include -v /data/fwbuild-volumes/latest/apps/app/esp32/build_contexts/build_ctx_097374481/deps/atca/cryptoauthlib/lib:/data/fwbuild-volumes/latest/apps/app/esp32/build_contexts/build_ctx_097374481/deps/atca/cryptoauthlib/lib -v /data/fwbuild-volumes/latest/apps/app/esp32/build_contexts/build_ctx_097374481/deps/atca/cryptoauthlib/lib/host:/data/fwbuild-volumes/latest/apps/app/esp32/build_contexts/build_ctx_097374481/deps/atca/cryptoauthlib/lib/host -v /data/fwbuild-volumes/latest/apps/app/esp32/build_contexts/build_ctx_097374481/deps/http-server/src:/data/fwbuild-volumes/latest/apps/app/esp32/build_contexts/build_ctx_097374481/deps/http-server/src -v /data/fwbuild-volumes/latest/apps/app/esp32/build_contexts/build_ctx_097374481/deps/bme280/include:/data/fwbuild-volumes/latest/apps/app/esp32/build_contexts/build_ctx_097374481/deps/bme280/include -v /data/fwbuild-volumes/latest/apps/app/esp32/build_contexts/build_ctx_097374481/deps/modules/mongoose-os:/data/fwbuild-volumes/latest/apps/app/esp32/build_contexts/build_ctx_097374481/deps/modules/mongoose-os -v /data/fwbuild-volumes/latest/apps/app/esp32/build_contexts/build_ctx_097374481/deps/shadow/src:/data/fwbuild-volumes/latest/apps/app/esp32/build_contexts/build_ctx_097374481/deps/shadow/src -v /data/fwbuild-volumes/latest/apps/app/esp32/build_contexts/build_ctx_097374481/deps/vfs-fs-spiffs/include/esp32:/data/fwbuild-volumes/latest/apps/app/esp32/build_contexts/build_ctx_097374481/deps/vfs-fs-spiffs/include/esp32 -v /data/fwbuild-volumes/latest/apps/app/esp32/build_contexts/build_ctx_097374481/deps/bme280/src/BME280_driver:/data/fwbuild-volumes/latest/apps/app/esp32/build_contexts/build_ctx_097374481/deps/bme280/src/BME280_driver -v /data/fwbuild-volumes/latest/apps/app/esp32/build_contexts/build_ctx_097374481/deps/wifi/src:/data/fwbuild-volumes/latest/apps/app/esp32/build_contexts/build_ctx_097374481/deps/wifi/src -v /data/fwbuild-volumes/latest/apps/app/esp32/build_contexts/build_ctx_097374481/deps/rpc-service-config/src:/data/fwbuild-volumes/latest/apps/app/esp32/build_contexts/build_ctx_097374481/deps/rpc-service-config/src -v /data/fwbuild-volumes/latest/apps/app/esp32/build_contexts/build_ctx_097374481/deps/core/include:/data/fwbuild-volumes/latest/apps/app/esp32/build_contexts/build_ctx_097374481/deps/core/include -v /data/fwbuild-volumes/latest/apps/app/esp32/build_contexts/build_ctx_097374481/build:/data/fwbuild-volumes/latest/apps/app/esp32/build_contexts/build_ctx_097374481/build -v /data/fwbuild-volumes/latest/apps/app/esp32/build_contexts/build_ctx_097374481/deps/atca/cryptoauthlib/lib/crypto:/data/fwbuild-volumes/latest/apps/app/esp32/build_contexts/build_ctx_097374481/deps/atca/cryptoauthlib/lib/crypto -v /data/fwbuild-volumes/latest/apps/app/esp32/build_contexts/build_ctx_097374481/deps/vfs-fs-lfs/src:/data/fwbuild-volumes/latest/apps/app/esp32/build_contexts/build_ctx_097374481/deps/vfs-fs-lfs/src -v /data/fwbuild-volumes/latest/apps/app/esp32/build_contexts/build_ctx_097374481/deps/shadow/include:/data/fwbuild-volumes/latest/apps/app/esp32/build_contexts/build_ctx_097374481/deps/shadow/include -v /data/fwbuild-volumes/latest/apps/app/esp32/build_contexts/build_ctx_097374481/deps/rpc-service-config/include:/data/fwbuild-volumes/latest/apps/app/esp32/build_contexts/build_ctx_097374481/deps/rpc-service-config/include -v /data/fwbuild-volumes/latest/apps/app/esp32/build_contexts/build_ctx_097374481/deps/wifi-setup-web-ui/fs:/data/fwbuild-volumes/latest/apps/app/esp32/build_contexts/build_ctx_097374481/deps/wifi-setup-web-ui/fs -v /data/fwbuild-volumes/latest/apps/app/esp32/build_contexts/build_ctx_097374481/deps/i2c/src:/data/fwbuild-volumes/latest/apps/app/esp32/build_contexts/build_ctx_097374481/deps/i2c/src -v /data/fwbuild-volumes/latest/apps/app/esp32/build_contexts/build_ctx_097374481/deps/vfs-fs-spiffs/src:/data/fwbuild-volumes/latest/apps/app/esp32/build_contexts/build_ctx_097374481/deps/vfs-fs-spiffs/src -v /data/fwbuild-volumes/latest/apps/app/esp32/build_contexts/build_ctx_097374481/deps/mbedtls/mbedtls/include:/data/fwbuild-volumes/latest/apps/app/esp32/build_contexts/build_ctx_097374481/deps/mbedtls/mbedtls/include -v /data/fwbuild-volumes/latest/apps/app/esp32/build_contexts/build_ctx_097374481/deps/vfs-common/include:/data/fwbuild-volumes/latest/apps/app/esp32/build_contexts/build_ctx_097374481/deps/vfs-common/include -v /data/fwbuild-volumes/latest/apps/app/esp32/build_contexts/build_ctx_097374481/src:/data/fwbuild-volumes/latest/apps/app/esp32/build_contexts/build_ctx_097374481/src -v /data/fwbuild-volumes/latest/apps/app/esp32/build_contexts/build_ctx_097374481/deps/vfs-fs-lfs/src/littlefs:/data/fwbuild-volumes/latest/apps/app/esp32/build_contexts/build_ctx_097374481/deps/vfs-fs-lfs/src/littlefs -v /data/fwbuild-volumes/latest/apps/app/esp32/build_contexts/build_ctx_097374481/deps/mbedtls/include:/data/fwbuild-volumes/latest/apps/app/esp32/build_contexts/build_ctx_097374481/deps/mbedtls/include -v /data/fwbuild-volumes/latest/apps/app/esp32/build_contexts/build_ctx_097374481/deps/mbedtls/include/esp32:/data/fwbuild-volumes/latest/apps/app/esp32/build_contexts/build_ctx_097374481/deps/mbedtls/include/esp32 -v /data/fwbuild-volumes/latest/apps/app/esp32/build_contexts/build_ctx_097374481/deps/rpc-service-fs/include:/data/fwbuild-volumes/latest/apps/app/esp32/build_contexts/build_ctx_097374481/deps/rpc-service-fs/include -v /data/fwbuild-volumes/latest/apps/app/esp32/build_contexts/build_ctx_097374481/deps/aws/src:/data/fwbuild-volumes/latest/apps/app/esp32/build_contexts/build_ctx_097374481/deps/aws/src -v /data/fwbuild-volumes/latest/apps/app/esp32/build_contexts/build_ctx_097374481/deps/wifi/src/esp32:/data/fwbuild-volumes/latest/apps/app/esp32/build_contexts/build_ctx_097374481/deps/wifi/src/esp32 -v /data/fwbuild-volumes/latest/apps/app/esp32/build_contexts/build_ctx_097374481/deps/atca/include:/data/fwbuild-volumes/latest/apps/app/esp32/build_contexts/build_ctx_097374481/deps/atca/include -v /data/fwbuild-volumes/latest/apps/app/esp32/build_contexts/build_ctx_097374481/deps/vfs-fs-spiffs/include:/data/fwbuild-volumes/latest/apps/app/esp32/build_contexts/build_ctx_097374481/deps/vfs-fs-spiffs/include -v /data/fwbuild-volumes/latest/apps/app/esp32/build_contexts/build_ctx_097374481/deps/spi/include:/data/fwbuild-volumes/latest/apps/app/esp32/build_contexts/build_ctx_097374481/deps/spi/include -v /data/fwbuild-volumes/latest/apps/app/esp32/build_contexts/build_ctx_097374481/deps/http-server/include:/data/fwbuild-volumes/latest/apps/app/esp32/build_contexts/build_ctx_097374481/deps/http-server/include -v /data/fwbuild-volumes/latest/apps/app/esp32/build_contexts/build_ctx_097374481/fs:/data/fwbuild-volumes/latest/apps/app/esp32/build_contexts/build_ctx_097374481/fs -v /data/fwbuild-volumes/latest/apps/app/esp32/build_contexts/build_ctx_097374481/deps/modules/mongoose-os:/mongoose-os -v /data/fwbuild-volumes/latest/apps/app/esp32/build_contexts/build_ctx_097374481/deps/vfs-common/src/esp32:/data/fwbuild-volumes/latest/apps/app/esp32/build_contexts/build_ctx_097374481/deps/vfs-common/src/esp32 -v /data/fwbuild-volumes/latest/apps/app/esp32/build_contexts/build_ctx_097374481/deps/core/src:/data/fwbuild-volumes/latest/apps/app/esp32/build_contexts/build_ctx_097374481/deps/core/src -v /data/fwbuild-volumes/latest/apps/app/esp32/build_contexts/build_ctx_097374481/deps/adc/include:/data/fwbuild-volumes/latest/apps/app/esp32/build_contexts/build_ctx_097374481/deps/adc/include -v /data/fwbuild-volumes/latest/apps/app/esp32/build_contexts/build_ctx_097374481/deps/adc/esp32/src:/data/fwbuild-volumes/latest/apps/app/esp32/build_contexts/build_ctx_097374481/deps/adc/esp32/src -v /data/fwbuild-volumes/latest/apps/app/esp32/build_contexts/build_ctx_097374481/deps/rpc-uart/src:/data/fwbuild-volumes/latest/apps/app/esp32/build_contexts/build_ctx_097374481/deps/rpc-uart/src -v /data/fwbuild-volumes/latest/apps/app/esp32/build_contexts/build_ctx_097374481/deps/i2c/include:/data/fwbuild-volumes/latest/apps/app/esp32/build_contexts/build_ctx_097374481/deps/i2c/include -v /data/fwbuild-volumes/latest/apps/app/esp32/build_contexts/build_ctx_097374481/deps/bme280/src:/data/fwbuild-volumes/latest/apps/app/esp32/build_contexts/build_ctx_097374481/deps/bme280/src -v /data/fwbuild-volumes/latest/apps/app/esp32/build_contexts/build_ctx_097374481:/app -v /data/fwbuild-volumes/latest/apps/app/esp32/build_contexts/build_ctx_097374481/deps/freertos/src:/data/fwbuild-volumes/latest/apps/app/esp32/build_contexts/build_ctx_097374481/deps/freertos/src -v /data/fwbuild-volumes/latest/apps/app/esp32/build_contexts/build_ctx_097374481/deps/spi/src/esp32:/data/fwbuild-volumes/latest/apps/app/esp32/build_contexts/build_ctx_097374481/deps/spi/src/esp32 -v /data/fwbuild-volumes/latest/apps/app/esp32/build_contexts/build_ctx_097374481/deps/mongoose/include:/data/fwbuild-volumes/latest/apps/app/esp32/build_contexts/build_ctx_097374481/deps/mongoose/include -v /data/fwbuild-volumes/latest/apps/app/esp32/build_contexts/build_ctx_097374481/deps/vfs-fs-spiffs/include/spiffs:/data/fwbuild-volumes/latest/apps/app/esp32/build_contexts/build_ctx_097374481/deps/vfs-fs-spiffs/include/spiffs -v /data/fwbuild-volumes/latest/apps/app/esp32/build_contexts/build_ctx_097374481/deps/rpc-uart/include:/data/fwbuild-volumes/latest/apps/app/esp32/build_contexts/build_ctx_097374481/deps/rpc-uart/include -v /data/fwbuild-volumes/latest/apps/app/esp32/build_contexts/build_ctx_097374481/build/gen:/data/fwbuild-volumes/latest/apps/app/esp32/build_contexts/build_ctx_097374481/build/gen -v /data/fwbuild-volumes/latest/apps/app/esp32/build_contexts/build_ctx_097374481/deps/atca/cryptoauthlib/lib/hal:/data/fwbuild-volumes/latest/apps/app/esp32/build_contexts/build_ctx_097374481/deps/atca/cryptoauthlib/lib/hal -v /data/fwbuild-volumes/latest/apps/app/esp32/build_contexts/build_ctx_097374481/deps/rpc-service-fs/src:/data/fwbuild-volumes/latest/apps/app/esp32/build_contexts/build_ctx_097374481/deps/rpc-service-fs/src -v /data/fwbuild-volumes/latest/apps/app/esp32/build_contexts/build_ctx_097374481/deps/spi/src:/data/fwbuild-volumes/latest/apps/app/esp32/build_contexts/build_ctx_097374481/deps/spi/src -v /data/fwbuild-volumes/latest/apps/app/esp32/build_contexts/build_ctx_097374481/deps/rpc-common/src:/data/fwbuild-volumes/latest/apps/app/esp32/build_contexts/build_ctx_097374481/deps/rpc-common/src -v /data/fwbuild-volumes/latest/apps/app/esp32/build_contexts/build_ctx_097374481/deps/aws/include:/data/fwbuild-volumes/latest/apps/app/esp32/build_contexts/build_ctx_097374481/deps/aws/include -v /data/fwbuild-volumes/latest/apps/app/esp32/build_contexts/build_ctx_097374481/deps/atca/cryptoauthlib/lib/basic:/data/fwbuild-volumes/latest/apps/app/esp32/build_contexts/build_ctx_097374481/deps/atca/cryptoauthlib/lib/basic -v /data/fwbuild-volumes/latest/apps/app/esp32/build_contexts/build_ctx_097374481/deps/mqtt/include:/data/fwbuild-volumes/latest/apps/app/esp32/build_contexts/build_ctx_097374481/deps/mqtt/include -v /data/fwbuild-volumes/latest/apps/app/esp32/build_contexts/build_ctx_097374481/build/objs:/data/fwbuild-volumes/latest/apps/app/esp32/build_contexts/build_ctx_097374481/build/objs -v /data/fwbuild-volumes/latest/apps/app/esp32/build_contexts/build_ctx_097374481/deps/freertos/include:/data/fwbuild-volumes/latest/apps/app/esp32/build_contexts/build_ctx_097374481/deps/freertos/include -v /data/fwbuild-volumes/latest/apps/app/esp32/build_contexts/build_ctx_097374481/deps/vfs-fs-lfs/include:/data/fwbuild-volumes/latest/apps/app/esp32/build_contexts/build_ctx_097374481/deps/vfs-fs-lfs/include -v /data/fwbuild-volumes/latest/apps/app/esp32/build_contexts/build_ctx_097374481/deps/wifi/include:/data/fwbuild-volumes/latest/apps/app/esp32/build_contexts/build_ctx_097374481/deps/wifi/include -v /data/fwbuild-volumes/latest/apps/app/esp32/build_contexts/build_ctx_097374481/deps/atca/src:/data/fwbuild-volumes/latest/apps/app/esp32/build_contexts/build_ctx_097374481/deps/atca/src -v /data/fwbuild-volumes/latest/apps/app/esp32/build_contexts/build_ctx_097374481/deps/vfs-fs-spiffs/src/spiffs:/data/fwbuild-volumes/latest/apps/app/esp32/build_contexts/build_ctx_097374481/deps/vfs-fs-spiffs/src/spiffs -v /data/fwbuild-volumes/latest/apps/app/esp32/build_contexts/build_ctx_097374481/deps/mqtt/src:/data/fwbuild-volumes/latest/apps/app/esp32/build_contexts/build_ctx_097374481/deps/mqtt/src -v /data/fwbuild-volumes/latest/apps/app/esp32/build_contexts/build_ctx_097374481/deps/i2c/src/esp32:/data/fwbuild-volumes/latest/apps/app/esp32/build_contexts/build_ctx_097374481/deps/i2c/src/esp32 -v /data/fwbuild-volumes/latest/apps/app/esp32/build_contexts/build_ctx_097374481/deps/vfs-common/src:/data/fwbuild-volumes/latest/apps/app/esp32/build_contexts/build_ctx_097374481/deps/vfs-common/src -v /data/fwbuild-volumes/latest/apps/app/esp32/build_contexts/build_ctx_097374481/deps/wifi/include/esp32:/data/fwbuild-volumes/latest/apps/app/esp32/build_contexts/build_ctx_097374481/deps/wifi/include/esp32 -v /data/fwbuild-volumes/latest/apps/app/esp32/build_contexts/build_ctx_097374481/deps/ca-bundle/fs:/data/fwbuild-volumes/latest/apps/app/esp32/build_contexts/build_ctx_097374481/deps/ca-bundle/fs --user 0:0 docker.io/mgos/esp32-build:3.2-r5a /bin/bash -c nice make '-j' '8' '-C' '/app' '-f' '/data/fwbuild-volumes/latest/apps/app/esp32/build_contexts/build_ctx_097374481/deps/modules/mongoose-os/platforms/esp32/Makefile.build' 'all' 'MGOS_VARS_FILE=/data/fwbuild-volumes/latest/apps/app/esp32/build_contexts/build_ctx_097374481/build/gen/vars.mk'
make: Entering directory '/app'
Toolchain path: /opt/Espressif/xtensa-esp32-elf/bin/xtensa-esp32-elf-gcc
Toolchain version: crosstool-ng-1.22.0-80-g6c4433a
Compiler version: 5.2.0
/data/fwbuild-volumes/latest/apps/app/esp32/build_contexts/build_ctx_097374481/deps/modules/mongoose-os/platforms/esp32/Makefile.build:184: warning: overriding recipe for target 'defconfig'
/opt/Espressif/esp-idf/make/project_config.mk:76: warning: ignoring old recipe for target 'defconfig'
/data/fwbuild-volumes/latest/apps/app/esp32/build_contexts/build_ctx_097374481/deps/modules/mongoose-os/platforms/esp32/Makefile.build:184: warning: overriding recipe for target 'menuconfig'
/opt/Espressif/esp-idf/make/project_config.mk:63: warning: ignoring old recipe for target 'menuconfig'
/data/fwbuild-volumes/latest/apps/app/esp32/build_contexts/build_ctx_097374481/deps/modules/mongoose-os/platforms/esp32/Makefile.build:226: warning: overriding recipe for target 'clean'
/opt/Espressif/esp-idf/components/app_update/Makefile.projbuild:60: warning: ignoring old recipe for target 'clean'
make[1]: Entering directory '/opt/Espressif/esp-idf/components/bootloader/subproject'
make[1]: Entering directory '/data/fwbuild-volumes/latest/apps/app/esp32/build_contexts/build_ctx_097374481/build/objs/mosapp'
  CXX main.o
make[1]: Leaving directory '/opt/Espressif/esp-idf/components/bootloader/subproject'
Python requirements from /opt/Espressif/esp-idf/requirements.txt are satisfied.
/data/fwbuild-volumes/latest/apps/app/esp32/build_contexts/build_ctx_097374481/src/main.cpp: In function 'void shadow_cb(int, void*, void*)':
/data/fwbuild-volumes/latest/apps/app/esp32/build_contexts/build_ctx_097374481/src/main.cpp:449:21: warning: unused variable 't' [-Wunused-variable]
   struct json_token t;
                     ^
/data/fwbuild-volumes/latest/apps/app/esp32/build_contexts/build_ctx_097374481/src/main.cpp:450:7: warning: unused variable 'i' [-Wunused-variable]
   int i,value;
       ^
/data/fwbuild-volumes/latest/apps/app/esp32/build_contexts/build_ctx_097374481/src/main.cpp: In function 'mgos_app_init_result mgos_app_init()':
/data/fwbuild-volumes/latest/apps/app/esp32/build_contexts/build_ctx_097374481/src/main.cpp:514:7: warning: unused variable 'res' [-Wunused-variable]
   int res;
       ^
/data/fwbuild-volumes/latest/apps/app/esp32/build_contexts/build_ctx_097374481/src/main.cpp:516:8: warning: unused variable 'buf' [-Wunused-variable]
   char buf[8];
        ^
  GEN   /data/fwbuild-volumes/latest/apps/app/esp32/build_contexts/build_ctx_097374481/build/gen/build_info.c
fatal: not a git repository (or any parent up to mount point /)
Stopping at filesystem boundary (GIT_DISCOVERY_ACROSS_FILESYSTEM not set).
  CC build_info.o
AR /data/fwbuild-volumes/latest/apps/app/esp32/build_contexts/build_ctx_097374481/build/objs/mosapp/libmosapp.a
make[1]: Leaving directory '/data/fwbuild-volumes/latest/apps/app/esp32/build_contexts/build_ctx_097374481/build/objs/mosapp'
LD /data/fwbuild-volumes/latest/apps/app/esp32/build_contexts/build_ctx_097374481/build/objs/app.elf
esptool.py v2.6
    App size: 928848 of 1572864 (59%)
  GEN    /data/fwbuild-volumes/latest/apps/app/esp32/build_contexts/build_ctx_097374481/build/objs/fw_temp/manifest.json
  ZIP    /data/fwbuild-volumes/latest/apps/app/esp32/build_contexts/build_ctx_097374481/build/fw/app-esp32-last.zip
     Adding /data/fwbuild-volumes/latest/apps/app/esp32/build_contexts/build_ctx_097374481/build/objs/fw_temp/app.bin
     Adding /data/fwbuild-volumes/latest/apps/app/esp32/build_contexts/build_ctx_097374481/build/objs/fw_temp/bootloader.bin
     Adding /data/fwbuild-volumes/latest/apps/app/esp32/build_contexts/build_ctx_097374481/build/objs/fw_temp/fs.img
     Adding /data/fwbuild-volumes/latest/apps/app/esp32/build_contexts/build_ctx_097374481/build/objs/fw_temp/otadata.bin
     Adding /data/fwbuild-volumes/latest/apps/app/esp32/build_contexts/build_ctx_097374481/build/objs/fw_temp/partitions_mgos.bin
  Built app/esp32 version 1.0 (20190513-045708)
To flash all build output, run 'make flash' or:
python /opt/Espressif/esp-idf/components/esptool_py/esptool/esptool.py --chip esp32 --port /dev/ttyUSB0 --baud 1500000 --before default_reset --after hard_reset write_flash -z --flash_mode qio --flash_freq 40m --flash_size detect 0xd000 /data/fwbuild-volumes/latest/apps/app/esp32/build_contexts/build_ctx_097374481/build/objs/ota_data_initial.bin 0x1000 /data/fwbuild-volumes/latest/apps/app/esp32/build_contexts/build_ctx_097374481/build/objs/bootloader/bootloader.bin 0x10000 /data/fwbuild-volumes/latest/apps/app/esp32/build_contexts/build_ctx_097374481/build/objs/app.bin 0x8000 /data/fwbuild-volumes/latest/apps/app/esp32/build_contexts/build_ctx_097374481/build/objs/partitions_mgos.bin
make: Leaving directory '/app'
Success, built app/esp32 version 1.0 (20190513-045708).
Firmware saved to /data/fwbuild-volumes/latest/apps/app/esp32/build_contexts/build_ctx_097374481/build/fw.zip
